<?xml version="1.0" encoding="UTF-8"?>
<!-- Generated by org.testng.reporters.JUnitReportReporter -->
<testsuite hostname="DESKTOP-C58B4F4" failures="0" tests="2" name="com.assignmentDNB.test.LoginPageTest" time="5.714" errors="0" timestamp="2022-03-12T22:57:37 CET" skipped="0">
  <testcase classname="com.assignmentDNB.test.LoginPageTest" name="firstTestCase" time="2.561"/>
  <system-out/>
  <testcase classname="com.assignmentDNB.test.LoginPageTest" name="secondTestCase" time="3.153"/>
  <system-out/>
</testsuite> <!-- com.assignmentDNB.test.LoginPageTest -->
